<?xml version="1.0" encoding="UTF-8"?>
<Site BuildName="(empty)"
	BuildStamp="20240813-0543-Experimental"
	Name="lp-prolog-2"
	Generator="ctest-3.16.3"
	CompilerName="/usr/bin/c++"
	CompilerVersion="9.4.0"
	OSName="Linux"
	Hostname="lp-prolog-2"
	OSRelease="5.15.0-117-generic"
	OSVersion="#127~20.04.1-Ubuntu SMP Thu Jul 11 15:36:12 UTC 2024"
	OSPlatform="x86_64"
	Is64Bits="1"
	VendorString="GenuineIntel"
	VendorID="Intel Corporation"
	FamilyID="6"
	ModelID="76"
	ProcessorCacheSize="1024"
	NumberOfLogicalCPU="4"
	NumberOfPhysicalCPU="4"
	TotalVirtualMemory="5721"
	TotalPhysicalMemory="3834"
	LogicalProcessorsPerPhysical="1"
	ProcessorClockFrequency="1664.87"
	>
	<Testing>
		<StartDateTime>Aug 13 20:04 WIB</StartDateTime>
		<StartTestTime>1723554283</StartTestTime>
		<TestList/>
		<EndDateTime>Aug 13 20:04 WIB</EndDateTime>
		<EndTestTime>1723554283</EndTestTime>
		<ElapsedMinutes>0</ElapsedMinutes>
	</Testing>
</Site>
