<?xml version="1.0" encoding="UTF-8"?>
<Site BuildName="(empty)"
	BuildStamp="20240821-0646-Experimental"
	Name="lp-prolog-2"
	Generator="ctest-3.16.3"
	CompilerName="/usr/bin/c++"
	CompilerVersion="9.4.0"
	OSName="Linux"
	Hostname="lp-prolog-2"
	OSRelease="5.15.0-118-generic"
	OSVersion="#128~20.04.1-Ubuntu SMP Wed Jul 17 13:41:17 UTC 2024"
	OSPlatform="x86_64"
	Is64Bits="1"
	VendorString="GenuineIntel"
	VendorID="Intel Corporation"
	FamilyID="6"
	ModelID="76"
	ProcessorCacheSize="1024"
	NumberOfLogicalCPU="4"
	NumberOfPhysicalCPU="4"
	TotalVirtualMemory="5721"
	TotalPhysicalMemory="3834"
	LogicalProcessorsPerPhysical="1"
	ProcessorClockFrequency="1680"
	>
	<Testing>
		<StartDateTime>Aug 21 23:32 WIB</StartDateTime>
		<StartTestTime>1724257942</StartTestTime>
		<TestList/>
		<EndDateTime>Aug 21 23:32 WIB</EndDateTime>
		<EndTestTime>1724257942</EndTestTime>
		<ElapsedMinutes>0</ElapsedMinutes>
	</Testing>
</Site>
